-------------------------------------------------------------------------------
Test set: mx.com.tiendaonline.DomainApplicationTest
-------------------------------------------------------------------------------
Tests run: 5, Failures: 1, Errors: 0, Skipped: 0, Time elapsed: 0.087 s <<< FAILURE! -- in mx.com.tiendaonline.DomainApplicationTest
mx.com.tiendaonline.DomainApplicationTest.exceptionEmailNull -- Time elapsed: 0.046 s <<< FAILURE!
org.opentest4j.AssertionFailedError: Unexpected exception type thrown, expected: <mx.com.tiendaonline.cliente.model.exception.ClienteException> but was: <java.lang.NullPointerException>
	at org.junit.jupiter.api.AssertionFailureBuilder.build(AssertionFailureBuilder.java:151)
	at org.junit.jupiter.api.AssertThrows.assertThrows(AssertThrows.java:67)
	at org.junit.jupiter.api.AssertThrows.assertThrows(AssertThrows.java:35)
	at org.junit.jupiter.api.Assertions.assertThrows(Assertions.java:3111)
	at mx.com.tiendaonline.DomainApplicationTest.exceptionEmailNull(DomainApplicationTest.java:33)
	at java.base/java.lang.reflect.Method.invoke(Method.java:568)
	at java.base/java.util.ArrayList.forEach(ArrayList.java:1511)
	at java.base/java.util.ArrayList.forEach(ArrayList.java:1511)
Caused by: java.lang.NullPointerException: Cannot invoke "String.isBlank()" because "emaill" is null
	at mx.com.tiendaonline.cliente.model.entity.ClienteEmail.<init>(ClienteEmail.java:16)
	at mx.com.tiendaonline.DomainApplicationTest.lambda$exceptionEmailNull$1(DomainApplicationTest.java:34)
	at org.junit.jupiter.api.AssertThrows.assertThrows(AssertThrows.java:53)
	... 6 more

